<?xml version="1.0" encoding="UTF-8" ?>
<testsuite errors="0" failures="0" hostname="fedora1701" name="gtunes.StoreControllerTests" tests="1" time="2.502" timestamp="2012-11-19T14:46:35">
  <properties />
  <testcase classname="gtunes.StoreControllerTests" name="testRenderHomePage" time="2.452" />
  <system-out><![CDATA[--Output from testRenderHomePage--
]]></system-out>
  <system-err><![CDATA[--Output from testRenderHomePage--
]]></system-err>
</testsuite>
